Running in Lattice mode


Starting:    C:\ispLEVER_Classic2_0\synpbase\win64\mbin\synbatch.exe
Install:     C:\ispLEVER_Classic2_0\synpbase
Date:        Sun May 24 21:21:28 2020
Version:     I-2014.03LC 

Arguments:   -product synplify_pro  -batch c:/users/zane/documents/github/cram/cpld\CRAM.prj
ProductType: synplify_pro





log file: "C:\users\zane\documents\github\cram\cpld\CRAM.srr"

Running CRAM|cpld

Running: Compile on CRAM|cpld

Running: Compile Process on CRAM|cpld

Running: Compile Input on CRAM|cpld
Copied C:\users\zane\documents\github\cram\cpld\synwork\CRAM_comp.srs to C:\users\zane\documents\github\cram\cpld\CRAM.srs
compiler Completed with warnings
Return Code: 1
Run Time:0h:00m:01s

Running: Multi-srs Generator on CRAM|cpld
Copied C:\users\zane\documents\github\cram\cpld\synwork\CRAM_comp.srs to C:\users\zane\documents\github\cram\cpld\synwork\CRAM_s.srs
multi_srs_gen Completed
Return Code: 0
Run Time:0h:00m:00s
Copied C:\users\zane\documents\github\cram\cpld\synwork\CRAM_mult.srs to C:\users\zane\documents\github\cram\cpld\CRAM.srs
Copied C:\users\zane\documents\github\cram\cpld\CRAM.srr to C:\users\zane\documents\github\cram\cpld\cram.srf
Complete: Compile Process on CRAM|cpld
Complete: Compile on CRAM|cpld

Running: Map on CRAM|cpld

Running: Map & Optimize on CRAM|cpld
fpga_mapper Completed with warnings
Return Code: 1
Run Time:0h:00m:01s
Complete: Map on CRAM|cpld
Copied C:\users\zane\documents\github\cram\cpld\CRAM.srr to C:\users\zane\documents\github\cram\cpld\cram.srf
Complete: Logic Synthesis on CRAM|cpld

exit status=0

exit status=0

